[2020-05-22 22:28:05 -0400] [14946] [INFO] Starting gunicorn 20.0.0
[2020-05-22 22:28:05 -0400] [14946] [INFO] Listening at: http://127.0.0.1:12691 (14946)
[2020-05-22 22:28:05 -0400] [14946] [INFO] Using worker: sync
[2020-05-22 22:28:05 -0400] [14956] [INFO] Booting worker with pid: 14956
[2020-05-22 23:23:49 -0400] [14946] [INFO] Handling signal: term
Server listening on: 12691
Server listening on: 12691
Server listening on: 12691
Server listening on: 12691
Server listening on: 12691
Server listening on: 12691
Server listening on: 12691
Server listening on: 12691
Server listening on: 12691
Server listening on: 12691
Express server started on port: 12691
Express server started on port: 12691
Express server started on port: 12691
Express server started on port: 12691
Express server started on port: 12691
---- START LOG FROM PYTHON ----
22152
---- END LOG FROM PYTHON   ----
Milano's Family Restaurant
Asian Grill
Yindee Thai
Rolling Cooking
Village Chicken
Mezeh Mediterranean Grill (Old Keene Mill)
Afghan Kabob Restaurant
Ledo Pizza
BGR The Burger Joint
Popeyes Louisiana Kitchen
Chipotle Mexican Grill
Austin Grill
The Hideout
Panera Bread
Papa John's Pizza
McDonald's
Kana Sushi
Subway
Malek's Pizza Palace
9 Pad Thai

---- START LOG FROM PYTHON ----
22152
---- END LOG FROM PYTHON   ----
Milano's Family Restaurant
Asian Grill
Yindee Thai
Rolling Cooking
Village Chicken
Mezeh Mediterranean Grill (Old Keene Mill)
Afghan Kabob Restaurant
Ledo Pizza
BGR The Burger Joint
Popeyes Louisiana Kitchen
Chipotle Mexican Grill
Austin Grill
The Hideout
Panera Bread
Papa John's Pizza
McDonald's
Kana Sushi
Subway
Malek's Pizza Palace
9 Pad Thai

---- START LOG FROM PYTHON ----
22152
---- END LOG FROM PYTHON   ----
Milano's Family Restaurant
Asian Grill
Yindee Thai
Rolling Cooking
Village Chicken
Mezeh Mediterranean Grill (Old Keene Mill)
Afghan Kabob Restaurant
Ledo Pizza
BGR The Burger Joint
Popeyes Louisiana Kitchen
Chipotle Mexican Grill
Austin Grill
The Hideout
Panera Bread
Papa John's Pizza
McDonald's
Kana Sushi
Subway
Malek's Pizza Palace
9 Pad Thai

---- START LOG FROM PYTHON ----
22152
---- END LOG FROM PYTHON   ----
Milano's Family Restaurant
Asian Grill
Yindee Thai
Rolling Cooking
Village Chicken
Mezeh Mediterranean Grill (Old Keene Mill)
Afghan Kabob Restaurant
Ledo Pizza
BGR The Burger Joint
Popeyes Louisiana Kitchen
Chipotle Mexican Grill
Austin Grill
The Hideout
Panera Bread
Papa John's Pizza
McDonald's
Kana Sushi
Subway
Malek's Pizza Palace
9 Pad Thai

Express server started on port: 12691
---- START LOG FROM PYTHON ----
22152
---- END LOG FROM PYTHON   ----
Milano's Family Restaurant
Asian Grill
Yindee Thai
Rolling Cooking
Village Chicken
Mezeh Mediterranean Grill (Old Keene Mill)
Afghan Kabob Restaurant
Ledo Pizza
BGR The Burger Joint
Popeyes Louisiana Kitchen
Chipotle Mexican Grill
Austin Grill
The Hideout
Panera Bread
Papa John's Pizza
McDonald's
Kana Sushi
Subway
Malek's Pizza Palace
9 Pad Thai

---- START LOG FROM PYTHON ----
22152
---- END LOG FROM PYTHON   ----
Milano's Family Restaurant
Asian Grill
Yindee Thai
Rolling Cooking
Village Chicken
Mezeh Mediterranean Grill (Old Keene Mill)
Afghan Kabob Restaurant
Ledo Pizza
BGR The Burger Joint
Popeyes Louisiana Kitchen
Chipotle Mexican Grill
Austin Grill
The Hideout
Panera Bread
Papa John's Pizza
McDonald's
Kana Sushi
Subway
Malek's Pizza Palace
9 Pad Thai

---- START LOG FROM PYTHON ----
22152
---- END LOG FROM PYTHON   ----
Milano's Family Restaurant
Asian Grill
Yindee Thai
Rolling Cooking
Village Chicken
Mezeh Mediterranean Grill (Old Keene Mill)
Afghan Kabob Restaurant
Ledo Pizza
BGR The Burger Joint
Popeyes Louisiana Kitchen
Chipotle Mexican Grill
Austin Grill
The Hideout
Panera Bread
Papa John's Pizza
McDonald's
Kana Sushi
Subway
Malek's Pizza Palace
9 Pad Thai

---- START LOG FROM PYTHON ----
22152
---- END LOG FROM PYTHON   ----
Milano's Family Restaurant
Asian Grill
Yindee Thai
Rolling Cooking
Village Chicken
Mezeh Mediterranean Grill (Old Keene Mill)
Afghan Kabob Restaurant
Ledo Pizza
BGR The Burger Joint
Popeyes Louisiana Kitchen
Chipotle Mexican Grill
Austin Grill
The Hideout
Panera Bread
Papa John's Pizza
McDonald's
Kana Sushi
Subway
Malek's Pizza Palace
9 Pad Thai

/web/projects/dining-with-rona/public/index.js:87
});
^

SyntaxError: Unexpected token }
    at new Script (vm.js:79:7)
    at createScript (vm.js:251:10)
    at Object.runInThisContext (vm.js:303:10)
    at Module._compile (internal/modules/cjs/loader.js:656:28)
    at Object.Module._extensions..js (internal/modules/cjs/loader.js:699:10)
    at Module.load (internal/modules/cjs/loader.js:598:32)
    at tryModuleLoad (internal/modules/cjs/loader.js:537:12)
    at Function.Module._load (internal/modules/cjs/loader.js:529:3)
    at Function.Module.runMain (internal/modules/cjs/loader.js:741:12)
    at startup (internal/bootstrap/node.js:285:19)
/web/projects/dining-with-rona/public/index.js:87
});
^

SyntaxError: Unexpected token }
    at new Script (vm.js:79:7)
    at createScript (vm.js:251:10)
    at Object.runInThisContext (vm.js:303:10)
    at Module._compile (internal/modules/cjs/loader.js:656:28)
    at Object.Module._extensions..js (internal/modules/cjs/loader.js:699:10)
    at Module.load (internal/modules/cjs/loader.js:598:32)
    at tryModuleLoad (internal/modules/cjs/loader.js:537:12)
    at Function.Module._load (internal/modules/cjs/loader.js:529:3)
    at Function.Module.runMain (internal/modules/cjs/loader.js:741:12)
    at startup (internal/bootstrap/node.js:285:19)
/web/projects/dining-with-rona/public/index.js:87
});
^

SyntaxError: Unexpected token }
    at new Script (vm.js:79:7)
    at createScript (vm.js:251:10)
    at Object.runInThisContext (vm.js:303:10)
    at Module._compile (internal/modules/cjs/loader.js:656:28)
    at Object.Module._extensions..js (internal/modules/cjs/loader.js:699:10)
    at Module.load (internal/modules/cjs/loader.js:598:32)
    at tryModuleLoad (internal/modules/cjs/loader.js:537:12)
    at Function.Module._load (internal/modules/cjs/loader.js:529:3)
    at Function.Module.runMain (internal/modules/cjs/loader.js:741:12)
    at startup (internal/bootstrap/node.js:285:19)
/web/projects/dining-with-rona/public/index.js:87
});
^

SyntaxError: Unexpected token }
    at new Script (vm.js:79:7)
    at createScript (vm.js:251:10)
    at Object.runInThisContext (vm.js:303:10)
    at Module._compile (internal/modules/cjs/loader.js:656:28)
    at Object.Module._extensions..js (internal/modules/cjs/loader.js:699:10)
    at Module.load (internal/modules/cjs/loader.js:598:32)
    at tryModuleLoad (internal/modules/cjs/loader.js:537:12)
    at Function.Module._load (internal/modules/cjs/loader.js:529:3)
    at Function.Module.runMain (internal/modules/cjs/loader.js:741:12)
    at startup (internal/bootstrap/node.js:285:19)
/web/projects/dining-with-rona/public/index.js:87
});
^

SyntaxError: Unexpected token }
    at new Script (vm.js:79:7)
    at createScript (vm.js:251:10)
    at Object.runInThisContext (vm.js:303:10)
    at Module._compile (internal/modules/cjs/loader.js:656:28)
    at Object.Module._extensions..js (internal/modules/cjs/loader.js:699:10)
    at Module.load (internal/modules/cjs/loader.js:598:32)
    at tryModuleLoad (internal/modules/cjs/loader.js:537:12)
    at Function.Module._load (internal/modules/cjs/loader.js:529:3)
    at Function.Module.runMain (internal/modules/cjs/loader.js:741:12)
    at startup (internal/bootstrap/node.js:285:19)
/web/projects/dining-with-rona/public/index.js:87
});
^

SyntaxError: Unexpected token }
    at new Script (vm.js:79:7)
    at createScript (vm.js:251:10)
    at Object.runInThisContext (vm.js:303:10)
    at Module._compile (internal/modules/cjs/loader.js:656:28)
    at Object.Module._extensions..js (internal/modules/cjs/loader.js:699:10)
    at Module.load (internal/modules/cjs/loader.js:598:32)
    at tryModuleLoad (internal/modules/cjs/loader.js:537:12)
    at Function.Module._load (internal/modules/cjs/loader.js:529:3)
    at Function.Module.runMain (internal/modules/cjs/loader.js:741:12)
    at startup (internal/bootstrap/node.js:285:19)
/web/projects/dining-with-rona/public/index.js:87
});
^

SyntaxError: Unexpected token }
    at new Script (vm.js:79:7)
    at createScript (vm.js:251:10)
    at Object.runInThisContext (vm.js:303:10)
    at Module._compile (internal/modules/cjs/loader.js:656:28)
    at Object.Module._extensions..js (internal/modules/cjs/loader.js:699:10)
    at Module.load (internal/modules/cjs/loader.js:598:32)
    at tryModuleLoad (internal/modules/cjs/loader.js:537:12)
    at Function.Module._load (internal/modules/cjs/loader.js:529:3)
    at Function.Module.runMain (internal/modules/cjs/loader.js:741:12)
    at startup (internal/bootstrap/node.js:285:19)
/web/projects/dining-with-rona/public/index.js:87
});
^

SyntaxError: Unexpected token }
    at new Script (vm.js:79:7)
    at createScript (vm.js:251:10)
    at Object.runInThisContext (vm.js:303:10)
    at Module._compile (internal/modules/cjs/loader.js:656:28)
    at Object.Module._extensions..js (internal/modules/cjs/loader.js:699:10)
    at Module.load (internal/modules/cjs/loader.js:598:32)
    at tryModuleLoad (internal/modules/cjs/loader.js:537:12)
    at Function.Module._load (internal/modules/cjs/loader.js:529:3)
    at Function.Module.runMain (internal/modules/cjs/loader.js:741:12)
    at startup (internal/bootstrap/node.js:285:19)
Express server started on port: 12691
Express server started on port: 12691
---- START LOG FROM PYTHON ----
22152
---- END LOG FROM PYTHON   ----
Milano's Family Restaurant
Asian Grill
Yindee Thai
Rolling Cooking
Village Chicken
Mezeh Mediterranean Grill (Old Keene Mill)
Afghan Kabob Restaurant
Ledo Pizza
BGR The Burger Joint
Popeyes Louisiana Kitchen
Chipotle Mexican Grill
Austin Grill
The Hideout
Panera Bread
Papa John's Pizza
McDonald's
Kana Sushi
Subway
Malek's Pizza Palace
9 Pad Thai

---- START LOG FROM PYTHON ----
22152
---- END LOG FROM PYTHON   ----
Milano's Family Restaurant
Asian Grill
Yindee Thai
Rolling Cooking
Village Chicken
Mezeh Mediterranean Grill (Old Keene Mill)
Afghan Kabob Restaurant
Ledo Pizza
BGR The Burger Joint
Popeyes Louisiana Kitchen
Chipotle Mexican Grill
Austin Grill
The Hideout
Panera Bread
Papa John's Pizza
McDonald's
Kana Sushi
Subway
Malek's Pizza Palace
9 Pad Thai

Express server started on port: 12691
---- START LOG FROM PYTHON ----
22152
---- END LOG FROM PYTHON   ----
Milano's Family Restaurant
Asian Grill
Yindee Thai
Rolling Cooking
Village Chicken
Mezeh Mediterranean Grill (Old Keene Mill)
Afghan Kabob Restaurant
Ledo Pizza
BGR The Burger Joint
Popeyes Louisiana Kitchen
Chipotle Mexican Grill
Austin Grill
The Hideout
Panera Bread
Papa John's Pizza
McDonald's
Kana Sushi
Subway
Malek's Pizza Palace
9 Pad Thai

---- START LOG FROM PYTHON ----
22152
---- END LOG FROM PYTHON   ----
Milano's Family Restaurant
Asian Grill
Yindee Thai
Rolling Cooking
Village Chicken
Mezeh Mediterranean Grill (Old Keene Mill)
Afghan Kabob Restaurant
Ledo Pizza
BGR The Burger Joint
Popeyes Louisiana Kitchen
Chipotle Mexican Grill
Austin Grill
The Hideout
Panera Bread
Papa John's Pizza
McDonald's
Kana Sushi
Subway
Malek's Pizza Palace
9 Pad Thai

---- START LOG FROM PYTHON ----
22152
---- END LOG FROM PYTHON   ----
Milano's Family Restaurant
Asian Grill
Yindee Thai
Rolling Cooking
Village Chicken
Mezeh Mediterranean Grill (Old Keene Mill)
Afghan Kabob Restaurant
Ledo Pizza
BGR The Burger Joint
Popeyes Louisiana Kitchen
Chipotle Mexican Grill
Austin Grill
The Hideout
Panera Bread
Papa John's Pizza
McDonald's
Kana Sushi
Subway
Malek's Pizza Palace
9 Pad Thai

---- START LOG FROM PYTHON ----
22152
---- END LOG FROM PYTHON   ----
Milano's Family Restaurant
Asian Grill
Yindee Thai
Rolling Cooking
Village Chicken
Mezeh Mediterranean Grill (Old Keene Mill)
Afghan Kabob Restaurant
Ledo Pizza
BGR The Burger Joint
Popeyes Louisiana Kitchen
Chipotle Mexican Grill
Austin Grill
The Hideout
Panera Bread
Papa John's Pizza
McDonald's
Kana Sushi
Subway
Malek's Pizza Palace
9 Pad Thai

---- START LOG FROM PYTHON ----
22152
---- END LOG FROM PYTHON   ----
Milano's Family Restaurant
Asian Grill
Yindee Thai
Rolling Cooking
Village Chicken
Mezeh Mediterranean Grill (Old Keene Mill)
Afghan Kabob Restaurant
Ledo Pizza
BGR The Burger Joint
Popeyes Louisiana Kitchen
Austin Grill
Chipotle Mexican Grill
The Hideout
Panera Bread
Papa John's Pizza
Kana Sushi
McDonald's
Subway
Malek's Pizza Palace
9 Pad Thai

Express server started on port: 12691
---- START LOG FROM PYTHON ----
22152
---- END LOG FROM PYTHON   ----
Milano's Family Restaurant
Asian Grill
Yindee Thai
Rolling Cooking
Village Chicken
Mezeh Mediterranean Grill (Old Keene Mill)
Afghan Kabob Restaurant
Ledo Pizza
BGR The Burger Joint
Popeyes Louisiana Kitchen
Chipotle Mexican Grill
Austin Grill
The Hideout
Panera Bread
Papa John's Pizza
McDonald's
Kana Sushi
Subway
Malek's Pizza Palace
9 Pad Thai

---- START LOG FROM PYTHON ----
22152
---- END LOG FROM PYTHON   ----
Milano's Family Restaurant
Asian Grill
Yindee Thai
Rolling Cooking
Village Chicken
Mezeh Mediterranean Grill (Old Keene Mill)
Afghan Kabob Restaurant
Ledo Pizza
BGR The Burger Joint
Popeyes Louisiana Kitchen
Austin Grill
Chipotle Mexican Grill
The Hideout
Panera Bread
Papa John's Pizza
Kana Sushi
McDonald's
Subway
Malek's Pizza Palace
9 Pad Thai

---- START LOG FROM PYTHON ----
22152
---- END LOG FROM PYTHON   ----
Milano's Family Restaurant
Asian Grill
Yindee Thai
Rolling Cooking
Village Chicken
Mezeh Mediterranean Grill (Old Keene Mill)
Afghan Kabob Restaurant
Ledo Pizza
BGR The Burger Joint
Popeyes Louisiana Kitchen
Austin Grill
Chipotle Mexican Grill
The Hideout
Panera Bread
Papa John's Pizza
Kana Sushi
McDonald's
Subway
Malek's Pizza Palace
9 Pad Thai

---- START LOG FROM PYTHON ----
22152
---- END LOG FROM PYTHON   ----
Milano's Family Restaurant
Asian Grill
Yindee Thai
Rolling Cooking
Village Chicken
Mezeh Mediterranean Grill (Old Keene Mill)
Afghan Kabob Restaurant
Ledo Pizza
BGR The Burger Joint
Popeyes Louisiana Kitchen
Chipotle Mexican Grill
Austin Grill
The Hideout
Panera Bread
Papa John's Pizza
McDonald's
Kana Sushi
Subway
Malek's Pizza Palace
9 Pad Thai

---- START LOG FROM PYTHON ----
22152
---- END LOG FROM PYTHON   ----
Milano's Family Restaurant
Asian Grill
Yindee Thai
Rolling Cooking
Village Chicken
Mezeh Mediterranean Grill (Old Keene Mill)
Afghan Kabob Restaurant
Ledo Pizza
BGR The Burger Joint
Popeyes Louisiana Kitchen
Chipotle Mexican Grill
Austin Grill
The Hideout
Panera Bread
Papa John's Pizza
McDonald's
Kana Sushi
Subway
Malek's Pizza Palace
9 Pad Thai

---- START LOG FROM PYTHON ----
22152
---- END LOG FROM PYTHON   ----
Milano's Family Restaurant
Asian Grill
Yindee Thai
Rolling Cooking
Village Chicken
Mezeh Mediterranean Grill (Old Keene Mill)
Afghan Kabob Restaurant
Ledo Pizza
BGR The Burger Joint
Popeyes Louisiana Kitchen
Chipotle Mexican Grill
Austin Grill
The Hideout
Panera Bread
Papa John's Pizza
McDonald's
Kana Sushi
Subway
Malek's Pizza Palace
9 Pad Thai

---- START LOG FROM PYTHON ----
22152
---- END LOG FROM PYTHON   ----
Milano's Family Restaurant
Asian Grill
Yindee Thai
Rolling Cooking
Village Chicken
Mezeh Mediterranean Grill (Old Keene Mill)
Afghan Kabob Restaurant
Ledo Pizza
BGR The Burger Joint
Popeyes Louisiana Kitchen
Chipotle Mexican Grill
Austin Grill
The Hideout
Panera Bread
Papa John's Pizza
McDonald's
Kana Sushi
Subway
Malek's Pizza Palace
9 Pad Thai

---- START LOG FROM PYTHON ----
22152
---- END LOG FROM PYTHON   ----
Milano's Family Restaurant
Asian Grill
Yindee Thai
Rolling Cooking
Village Chicken
Mezeh Mediterranean Grill (Old Keene Mill)
Afghan Kabob Restaurant
Ledo Pizza
BGR The Burger Joint
Popeyes Louisiana Kitchen
Chipotle Mexican Grill
Austin Grill
The Hideout
Panera Bread
Papa John's Pizza
McDonald's
Kana Sushi
Subway
Malek's Pizza Palace
9 Pad Thai

---- START LOG FROM PYTHON ----
22152
---- END LOG FROM PYTHON   ----
Milano's Family Restaurant
Asian Grill
Yindee Thai
Rolling Cooking
Village Chicken
Mezeh Mediterranean Grill (Old Keene Mill)
Afghan Kabob Restaurant
Ledo Pizza
BGR The Burger Joint
Popeyes Louisiana Kitchen
Chipotle Mexican Grill
Austin Grill
The Hideout
Panera Bread
Papa John's Pizza
McDonald's
Kana Sushi
Subway
Malek's Pizza Palace
9 Pad Thai

---- START LOG FROM PYTHON ----
22152
---- END LOG FROM PYTHON   ----
Milano's Family Restaurant
Asian Grill
Yindee Thai
Rolling Cooking
Village Chicken
Mezeh Mediterranean Grill (Old Keene Mill)
Afghan Kabob Restaurant
Ledo Pizza
BGR The Burger Joint
Popeyes Louisiana Kitchen
Chipotle Mexican Grill
Austin Grill
The Hideout
Panera Bread
Papa John's Pizza
McDonald's
Kana Sushi
Subway
Malek's Pizza Palace
9 Pad Thai

---- START LOG FROM PYTHON ----
22152
---- END LOG FROM PYTHON   ----
Milano's Family Restaurant
Asian Grill
Yindee Thai
Rolling Cooking
Village Chicken
Mezeh Mediterranean Grill (Old Keene Mill)
Afghan Kabob Restaurant
Ledo Pizza
BGR The Burger Joint
Popeyes Louisiana Kitchen
Chipotle Mexican Grill
Austin Grill
The Hideout
Panera Bread
Papa John's Pizza
McDonald's
Kana Sushi
Subway
Malek's Pizza Palace
9 Pad Thai

---- START LOG FROM PYTHON ----
22152
---- END LOG FROM PYTHON   ----
Milano's Family Restaurant
Asian Grill
Yindee Thai
Rolling Cooking
Village Chicken
Mezeh Mediterranean Grill (Old Keene Mill)
Afghan Kabob Restaurant
Ledo Pizza
BGR The Burger Joint
Popeyes Louisiana Kitchen
Chipotle Mexican Grill
Austin Grill
The Hideout
Panera Bread
Papa John's Pizza
McDonald's
Kana Sushi
Subway
Malek's Pizza Palace
9 Pad Thai

Express server started on port: 12691
Express server started on port: 12691
---- START LOG FROM PYTHON ----
22152
---- END LOG FROM PYTHON   ----
Milano's Family Restaurant
Asian Grill
Yindee Thai
Rolling Cooking
Village Chicken
Mezeh Mediterranean Grill (Old Keene Mill)
Afghan Kabob Restaurant
Ledo Pizza
BGR The Burger Joint
Popeyes Louisiana Kitchen
Chipotle Mexican Grill
Austin Grill
The Hideout
Panera Bread
Papa John's Pizza
McDonald's
Kana Sushi
Subway
Malek's Pizza Palace
9 Pad Thai

22152
Express server started on port: 12691
Express server started on port: 12691
22152
---- START LOG FROM PYTHON ----
22152
---- END LOG FROM PYTHON   ----
Milano's Family Restaurant
Asian Grill
Yindee Thai
Rolling Cooking
Village Chicken
Mezeh Mediterranean Grill (Old Keene Mill)
Afghan Kabob Restaurant
Ledo Pizza
BGR The Burger Joint
Popeyes Louisiana Kitchen
Chipotle Mexican Grill
Austin Grill
The Hideout
Panera Bread
Papa John's Pizza
McDonald's
Kana Sushi
Subway
Malek's Pizza Palace
9 Pad Thai

22152
---- START LOG FROM PYTHON ----
22152
---- END LOG FROM PYTHON   ----
Milano's Family Restaurant
Asian Grill
Yindee Thai
Rolling Cooking
Village Chicken
Mezeh Mediterranean Grill (Old Keene Mill)
Afghan Kabob Restaurant
Ledo Pizza
BGR The Burger Joint
Popeyes Louisiana Kitchen
Chipotle Mexican Grill
Austin Grill
The Hideout
Panera Bread
Papa John's Pizza
McDonald's
Kana Sushi
Subway
Malek's Pizza Palace
9 Pad Thai

---- START LOG FROM PYTHON ----
22152
---- END LOG FROM PYTHON   ----
Milano's Family Restaurant
Asian Grill
Yindee Thai
Rolling Cooking
Village Chicken
Mezeh Mediterranean Grill (Old Keene Mill)
Afghan Kabob Restaurant
Ledo Pizza
BGR The Burger Joint
Popeyes Louisiana Kitchen
Chipotle Mexican Grill
Austin Grill
The Hideout
Panera Bread
Papa John's Pizza
McDonald's
Kana Sushi
Subway
Malek's Pizza Palace
9 Pad Thai

22152
22152
---- START LOG FROM PYTHON ----
22152
---- END LOG FROM PYTHON   ----
Milano's Family Restaurant
Asian Grill
Yindee Thai
Rolling Cooking
Village Chicken
Mezeh Mediterranean Grill (Old Keene Mill)
Afghan Kabob Restaurant
Ledo Pizza
BGR The Burger Joint
Popeyes Louisiana Kitchen
Chipotle Mexican Grill
Austin Grill
The Hideout
Panera Bread
Papa John's Pizza
McDonald's
Kana Sushi
Subway
Malek's Pizza Palace
9 Pad Thai

---- START LOG FROM PYTHON ----
22152
---- END LOG FROM PYTHON   ----
Milano's Family Restaurant
Asian Grill
Yindee Thai
Rolling Cooking
Village Chicken
Mezeh Mediterranean Grill (Old Keene Mill)
Afghan Kabob Restaurant
Ledo Pizza
BGR The Burger Joint
Popeyes Louisiana Kitchen
Chipotle Mexican Grill
Austin Grill
The Hideout
Panera Bread
Papa John's Pizza
McDonald's
Kana Sushi
Subway
Malek's Pizza Palace
9 Pad Thai

22152
---- START LOG FROM PYTHON ----
22152
---- END LOG FROM PYTHON   ----
Milano's Family Restaurant
Asian Grill
Yindee Thai
Rolling Cooking
Village Chicken
Mezeh Mediterranean Grill (Old Keene Mill)
Afghan Kabob Restaurant
Ledo Pizza
BGR The Burger Joint
Popeyes Louisiana Kitchen
Chipotle Mexican Grill
Austin Grill
The Hideout
Panera Bread
Papa John's Pizza
McDonald's
Kana Sushi
Subway
Malek's Pizza Palace
9 Pad Thai

---- START LOG FROM PYTHON ----
22152
---- END LOG FROM PYTHON   ----
Milano's Family Restaurant
Asian Grill
Yindee Thai
Rolling Cooking
Village Chicken
Mezeh Mediterranean Grill (Old Keene Mill)
Afghan Kabob Restaurant
Ledo Pizza
BGR The Burger Joint
Popeyes Louisiana Kitchen
Chipotle Mexican Grill
Austin Grill
The Hideout
Panera Bread
Papa John's Pizza
McDonald's
Kana Sushi
Subway
Malek's Pizza Palace
9 Pad Thai

22152
---- START LOG FROM PYTHON ----
22152
---- END LOG FROM PYTHON   ----
Milano's Family Restaurant
Asian Grill
Yindee Thai
Rolling Cooking
Village Chicken
Mezeh Mediterranean Grill (Old Keene Mill)
Afghan Kabob Restaurant
Ledo Pizza
BGR The Burger Joint
Popeyes Louisiana Kitchen
Austin Grill
Chipotle Mexican Grill
The Hideout
Panera Bread
Papa John's Pizza
Kana Sushi
McDonald's
Subway
Malek's Pizza Palace
9 Pad Thai

22152
---- START LOG FROM PYTHON ----
22152
---- END LOG FROM PYTHON   ----
Milano's Family Restaurant
Asian Grill
Yindee Thai
Rolling Cooking
Village Chicken
Mezeh Mediterranean Grill (Old Keene Mill)
Afghan Kabob Restaurant
Ledo Pizza
BGR The Burger Joint
Popeyes Louisiana Kitchen
Austin Grill
Chipotle Mexican Grill
The Hideout
Panera Bread
Papa John's Pizza
Kana Sushi
McDonald's
Subway
Malek's Pizza Palace
9 Pad Thai

22152
---- START LOG FROM PYTHON ----
22152
---- END LOG FROM PYTHON   ----
Milano's Family Restaurant
Asian Grill
Yindee Thai
Rolling Cooking
Village Chicken
Mezeh Mediterranean Grill (Old Keene Mill)
Afghan Kabob Restaurant
Ledo Pizza
BGR The Burger Joint
Popeyes Louisiana Kitchen
Chipotle Mexican Grill
Austin Grill
The Hideout
Panera Bread
Papa John's Pizza
McDonald's
Kana Sushi
Subway
Malek's Pizza Palace
9 Pad Thai

---- START LOG FROM PYTHON ----
22152
---- END LOG FROM PYTHON   ----
Milano's Family Restaurant
Asian Grill
Yindee Thai
Rolling Cooking
Village Chicken
Mezeh Mediterranean Grill (Old Keene Mill)
Afghan Kabob Restaurant
Ledo Pizza
BGR The Burger Joint
Popeyes Louisiana Kitchen
Chipotle Mexican Grill
Austin Grill
The Hideout
Panera Bread
Papa John's Pizza
McDonald's
Kana Sushi
Subway
Malek's Pizza Palace
9 Pad Thai

22152
---- START LOG FROM PYTHON ----
22152
---- END LOG FROM PYTHON   ----
Milano's Family Restaurant
Asian Grill
Yindee Thai
Rolling Cooking
Village Chicken
Mezeh Mediterranean Grill (Old Keene Mill)
Afghan Kabob Restaurant
Ledo Pizza
BGR The Burger Joint
Popeyes Louisiana Kitchen
Chipotle Mexican Grill
Austin Grill
The Hideout
Panera Bread
Papa John's Pizza
McDonald's
Kana Sushi
Subway
Malek's Pizza Palace
9 Pad Thai

22152
22152
22152
---- START LOG FROM PYTHON ----
22152
---- END LOG FROM PYTHON   ----
Milano's Family Restaurant
Asian Grill
Yindee Thai
Rolling Cooking
Village Chicken
Mezeh Mediterranean Grill (Old Keene Mill)
Afghan Kabob Restaurant
Ledo Pizza
BGR The Burger Joint
Popeyes Louisiana Kitchen
Chipotle Mexican Grill
Austin Grill
The Hideout
Panera Bread
Papa John's Pizza
McDonald's
Kana Sushi
Subway
Malek's Pizza Palace
9 Pad Thai

---- START LOG FROM PYTHON ----
22152
---- END LOG FROM PYTHON   ----
Milano's Family Restaurant
Asian Grill
Yindee Thai
Rolling Cooking
Village Chicken
Mezeh Mediterranean Grill (Old Keene Mill)
Afghan Kabob Restaurant
Ledo Pizza
BGR The Burger Joint
Popeyes Louisiana Kitchen
Chipotle Mexican Grill
Austin Grill
The Hideout
Panera Bread
Papa John's Pizza
McDonald's
Kana Sushi
Subway
Malek's Pizza Palace
9 Pad Thai

22152
---- START LOG FROM PYTHON ----
22152
---- END LOG FROM PYTHON   ----
Milano's Family Restaurant
Asian Grill
Yindee Thai
Rolling Cooking
Village Chicken
Mezeh Mediterranean Grill (Old Keene Mill)
Afghan Kabob Restaurant
Ledo Pizza
BGR The Burger Joint
Popeyes Louisiana Kitchen
Chipotle Mexican Grill
Austin Grill
The Hideout
Panera Bread
Papa John's Pizza
McDonald's
Kana Sushi
Subway
Malek's Pizza Palace
9 Pad Thai

22152
22152
22152
14213
14213
12334
---- START LOG FROM PYTHON ----
22152
---- END LOG FROM PYTHON   ----
Milano's Family Restaurant
Asian Grill
Yindee Thai
Rolling Cooking
Village Chicken
Mezeh Mediterranean Grill (Old Keene Mill)
Afghan Kabob Restaurant
Ledo Pizza
BGR The Burger Joint
Popeyes Louisiana Kitchen
Chipotle Mexican Grill
Austin Grill
The Hideout
Panera Bread
Papa John's Pizza
McDonald's
Kana Sushi
Subway
Malek's Pizza Palace
9 Pad Thai

22334
---- START LOG FROM PYTHON ----
22152
---- END LOG FROM PYTHON   ----
Milano's Family Restaurant
Asian Grill
Yindee Thai
Rolling Cooking
Village Chicken
Mezeh Mediterranean Grill (Old Keene Mill)
Afghan Kabob Restaurant
Ledo Pizza
BGR The Burger Joint
Popeyes Louisiana Kitchen
Chipotle Mexican Grill
Austin Grill
The Hideout
Panera Bread
Papa John's Pizza
McDonald's
Kana Sushi
Subway
Malek's Pizza Palace
9 Pad Thai

22122
---- START LOG FROM PYTHON ----
22152
---- END LOG FROM PYTHON   ----
Milano's Family Restaurant
Asian Grill
Yindee Thai
Rolling Cooking
Village Chicken
Mezeh Mediterranean Grill (Old Keene Mill)
Afghan Kabob Restaurant
Ledo Pizza
BGR The Burger Joint
Popeyes Louisiana Kitchen
Chipotle Mexican Grill
Austin Grill
The Hideout
Panera Bread
Papa John's Pizza
McDonald's
Kana Sushi
Subway
Malek's Pizza Palace
9 Pad Thai

---- START LOG FROM PYTHON ----
22152
---- END LOG FROM PYTHON   ----
Milano's Family Restaurant
Asian Grill
Yindee Thai
Rolling Cooking
Village Chicken
Mezeh Mediterranean Grill (Old Keene Mill)
Afghan Kabob Restaurant
Ledo Pizza
BGR The Burger Joint
Popeyes Louisiana Kitchen
Chipotle Mexican Grill
Austin Grill
The Hideout
Panera Bread
Papa John's Pizza
McDonald's
Kana Sushi
Subway
Malek's Pizza Palace
9 Pad Thai

adsdas
---- START LOG FROM PYTHON ----
22152
---- END LOG FROM PYTHON   ----
Milano's Family Restaurant
Asian Grill
Yindee Thai
Rolling Cooking
Village Chicken
Mezeh Mediterranean Grill (Old Keene Mill)
Afghan Kabob Restaurant
Ledo Pizza
BGR The Burger Joint
Popeyes Louisiana Kitchen
Chipotle Mexican Grill
Austin Grill
The Hideout
Panera Bread
Papa John's Pizza
McDonald's
Kana Sushi
Subway
Malek's Pizza Palace
9 Pad Thai

11212
---- START LOG FROM PYTHON ----
22152
---- END LOG FROM PYTHON   ----
Milano's Family Restaurant
Asian Grill
Yindee Thai
Rolling Cooking
Village Chicken
Mezeh Mediterranean Grill (Old Keene Mill)
Afghan Kabob Restaurant
Ledo Pizza
BGR The Burger Joint
Popeyes Louisiana Kitchen
Chipotle Mexican Grill
Austin Grill
The Hideout
Panera Bread
Papa John's Pizza
McDonald's
Kana Sushi
Subway
Malek's Pizza Palace
9 Pad Thai

3242
324234
---- START LOG FROM PYTHON ----
22152
---- END LOG FROM PYTHON   ----
Milano's Family Restaurant
Asian Grill
Yindee Thai
Rolling Cooking
Village Chicken
Mezeh Mediterranean Grill (Old Keene Mill)
Afghan Kabob Restaurant
Ledo Pizza
BGR The Burger Joint
Popeyes Louisiana Kitchen
Chipotle Mexican Grill
Austin Grill
The Hideout
Panera Bread
Papa John's Pizza
McDonald's
Kana Sushi
Subway
Malek's Pizza Palace
9 Pad Thai

21322
---- START LOG FROM PYTHON ----
22152
---- END LOG FROM PYTHON   ----
Milano's Family Restaurant
Asian Grill
Yindee Thai
Rolling Cooking
Village Chicken
Mezeh Mediterranean Grill (Old Keene Mill)
Afghan Kabob Restaurant
Ledo Pizza
BGR The Burger Joint
Popeyes Louisiana Kitchen
Chipotle Mexican Grill
Austin Grill
The Hideout
Panera Bread
Papa John's Pizza
McDonald's
Kana Sushi
Subway
Malek's Pizza Palace
9 Pad Thai

---- START LOG FROM PYTHON ----
22152
---- END LOG FROM PYTHON   ----
Milano's Family Restaurant
Asian Grill
Yindee Thai
Rolling Cooking
Village Chicken
Mezeh Mediterranean Grill (Old Keene Mill)
Afghan Kabob Restaurant
Ledo Pizza
BGR The Burger Joint
Popeyes Louisiana Kitchen
Chipotle Mexican Grill
Austin Grill
The Hideout
Panera Bread
Papa John's Pizza
McDonald's
Kana Sushi
Subway
Malek's Pizza Palace
9 Pad Thai

Express server started on port: 12691
ReferenceError: menu is not defined
    at /web/projects/dining-with-rona/public/index.js:92:16
    at Layer.handle [as handle_request] (/web/projects/dining-with-rona/node_modules/express/lib/router/layer.js:95:5)
    at next (/web/projects/dining-with-rona/node_modules/express/lib/router/route.js:137:13)
    at Route.dispatch (/web/projects/dining-with-rona/node_modules/express/lib/router/route.js:112:3)
    at Layer.handle [as handle_request] (/web/projects/dining-with-rona/node_modules/express/lib/router/layer.js:95:5)
    at /web/projects/dining-with-rona/node_modules/express/lib/router/index.js:281:22
    at Function.process_params (/web/projects/dining-with-rona/node_modules/express/lib/router/index.js:335:12)
    at next (/web/projects/dining-with-rona/node_modules/express/lib/router/index.js:275:10)
    at expressInit (/web/projects/dining-with-rona/node_modules/express/lib/middleware/init.js:40:5)
    at Layer.handle [as handle_request] (/web/projects/dining-with-rona/node_modules/express/lib/router/layer.js:95:5)
Express server started on port: 12691
Express server started on port: 12691
---- START LOG FROM PYTHON ----
22152
---- END LOG FROM PYTHON   ----
Milano's Family Restaurant
Asian Grill
Yindee Thai
Rolling Cooking
Village Chicken
Mezeh Mediterranean Grill (Old Keene Mill)
Afghan Kabob Restaurant
Ledo Pizza
BGR The Burger Joint
Popeyes Louisiana Kitchen
Chipotle Mexican Grill
Austin Grill
The Hideout
Panera Bread
Papa John's Pizza
McDonald's
Kana Sushi
Subway
Malek's Pizza Palace
9 Pad Thai

22152
1423423
---- START LOG FROM PYTHON ----
22152
---- END LOG FROM PYTHON   ----
Milano's Family Restaurant
Asian Grill
Yindee Thai
Rolling Cooking
Village Chicken
Mezeh Mediterranean Grill (Old Keene Mill)
Afghan Kabob Restaurant
Ledo Pizza
BGR The Burger Joint
Popeyes Louisiana Kitchen
Chipotle Mexican Grill
Austin Grill
The Hideout
Panera Bread
Papa John's Pizza
McDonald's
Kana Sushi
Subway
Malek's Pizza Palace
9 Pad Thai

3242
324221312
2
Express server started on port: 12691
Express server started on port: 12691
---- START LOG FROM PYTHON ----
22152
---- END LOG FROM PYTHON   ----
Milano's Family Restaurant
Asian Grill
Yindee Thai
Rolling Cooking
Village Chicken
Mezeh Mediterranean Grill (Old Keene Mill)
Afghan Kabob Restaurant
Ledo Pizza
BGR The Burger Joint
Popeyes Louisiana Kitchen
Chipotle Mexican Grill
Austin Grill
The Hideout
Panera Bread
Papa John's Pizza
McDonald's
Kana Sushi
Subway
Malek's Pizza Palace
9 Pad Thai

---- START LOG FROM PYTHON ----
22152
---- END LOG FROM PYTHON   ----
Milano's Family Restaurant
Asian Grill
Yindee Thai
Rolling Cooking
Village Chicken
Mezeh Mediterranean Grill (Old Keene Mill)
Afghan Kabob Restaurant
Ledo Pizza
BGR The Burger Joint
Popeyes Louisiana Kitchen
Chipotle Mexican Grill
Austin Grill
The Hideout
Panera Bread
Papa John's Pizza
McDonald's
Kana Sushi
Subway
Malek's Pizza Palace
9 Pad Thai

22152
---- START LOG FROM PYTHON ----
22152
---- END LOG FROM PYTHON   ----
Milano's Family Restaurant
Asian Grill
Yindee Thai
Rolling Cooking
Village Chicken
Mezeh Mediterranean Grill (Old Keene Mill)
Afghan Kabob Restaurant
Ledo Pizza
BGR The Burger Joint
Popeyes Louisiana Kitchen
Chipotle Mexican Grill
Austin Grill
The Hideout
Panera Bread
Papa John's Pizza
McDonald's
Kana Sushi
Subway
Malek's Pizza Palace
9 Pad Thai

---- START LOG FROM PYTHON ----
22152
---- END LOG FROM PYTHON   ----
Milano's Family Restaurant
Asian Grill
Yindee Thai
Rolling Cooking
Village Chicken
Mezeh Mediterranean Grill (Old Keene Mill)
Afghan Kabob Restaurant
Ledo Pizza
BGR The Burger Joint
Popeyes Louisiana Kitchen
Chipotle Mexican Grill
Austin Grill
The Hideout
Panera Bread
Papa John's Pizza
McDonald's
Kana Sushi
Subway
Malek's Pizza Palace
9 Pad Thai

22152
Express server started on port: 12691
---- START LOG FROM PYTHON ----
22152
---- END LOG FROM PYTHON   ----
Milano's Family Restaurant
Asian Grill
Yindee Thai
Rolling Cooking
Village Chicken
Mezeh Mediterranean Grill (Old Keene Mill)
Afghan Kabob Restaurant
Ledo Pizza
BGR The Burger Joint
Popeyes Louisiana Kitchen
Chipotle Mexican Grill
Austin Grill
The Hideout
Panera Bread
Papa John's Pizza
McDonald's
Kana Sushi
Subway
Malek's Pizza Palace
9 Pad Thai

---- START LOG FROM PYTHON ----
22152
---- END LOG FROM PYTHON   ----
Milano's Family Restaurant
Asian Grill
Yindee Thai
Rolling Cooking
Village Chicken
Mezeh Mediterranean Grill (Old Keene Mill)
Afghan Kabob Restaurant
Ledo Pizza
BGR The Burger Joint
Popeyes Louisiana Kitchen
Chipotle Mexican Grill
Austin Grill
The Hideout
Panera Bread
Papa John's Pizza
McDonald's
Kana Sushi
Subway
Malek's Pizza Palace
9 Pad Thai

---- START LOG FROM PYTHON ----
22203
---- END LOG FROM PYTHON   ----
Stageplate Bistro - Arlington
Uncle Julio's
Punch Bowl Social Arlington
Big Buns Damn Good Burgers
Zoës Kitchen
Bangkok Bistro at Ballston - Heaven & Hell Themed Restaurant
Super Pollo
Urban Tandoor
True Food Kitchen
Bistro 1521
Rustico Ballston
IHOP
DIRT
Hunan Gate
Crafthouse
El Paso Cafe
Grand Cru Wine Bar and Bistro
CAVA
Pupatella
Mussel Bar & Grille

---- START LOG FROM PYTHON ----
22152
---- END LOG FROM PYTHON   ----
Milano's Family Restaurant, Asian Grill, Yindee Thai, Rolling Cooking, Village Chicken, Mezeh Mediterranean Grill (Old Keene Mill), Afghan Kabob Restaurant, Ledo Pizza, BGR The Burger Joint, Popeyes Louisiana Kitchen, Chipotle Mexican Grill, Austin Grill, The Hideout, Panera Bread, Papa John's Pizza, McDonald's, Kana Sushi, Subway, Malek's Pizza Palace, 9 Pad Thai, 
---- START LOG FROM PYTHON ----
22203
---- END LOG FROM PYTHON   ----
Stageplate Bistro - Arlington, Uncle Julio's, Punch Bowl Social Arlington, Big Buns Damn Good Burgers, Bangkok Bistro at Ballston - Heaven & Hell Themed Restaurant, Zoës Kitchen, Super Pollo, Urban Tandoor, True Food Kitchen, Bistro 1521, Rustico Ballston, IHOP, DIRT, Hunan Gate, Crafthouse, El Paso Cafe, Grand Cru Wine Bar and Bistro, CAVA, Pupatella, Mussel Bar & Grille, 
---- START LOG FROM PYTHON ----
22152
---- END LOG FROM PYTHON   ----
Milano's Family Restaurant, Asian Grill, Yindee Thai, Rolling Cooking, Village Chicken, Mezeh Mediterranean Grill (Old Keene Mill), Afghan Kabob Restaurant, Ledo Pizza, BGR The Burger Joint, Popeyes Louisiana Kitchen, Chipotle Mexican Grill, Austin Grill, The Hideout, Panera Bread, Papa John's Pizza, McDonald's, Kana Sushi, Subway, Malek's Pizza Palace, 9 Pad Thai, 
---- START LOG FROM PYTHON ----
22152
---- END LOG FROM PYTHON   ----
Milano's Family Restaurant, Asian Grill, Yindee Thai, Rolling Cooking, Village Chicken, Mezeh Mediterranean Grill (Old Keene Mill), Afghan Kabob Restaurant, Ledo Pizza, BGR The Burger Joint, Popeyes Louisiana Kitchen, Chipotle Mexican Grill, Austin Grill, The Hideout, Panera Bread, Papa John's Pizza, McDonald's, Kana Sushi, Subway, Malek's Pizza Palace, 9 Pad Thai, 
---- START LOG FROM PYTHON ----
22203
---- END LOG FROM PYTHON   ----
Stageplate Bistro - Arlington, Uncle Julio's, Punch Bowl Social Arlington, Big Buns Damn Good Burgers, Zoës Kitchen, Bangkok Bistro at Ballston - Heaven & Hell Themed Restaurant, Super Pollo, Urban Tandoor, True Food Kitchen, Bistro 1521, Rustico Ballston, IHOP, DIRT, Hunan Gate, Crafthouse, El Paso Cafe, Grand Cru Wine Bar and Bistro, CAVA, Pupatella, Mussel Bar & Grille, 
---- START LOG FROM PYTHON ----
22152
---- END LOG FROM PYTHON   ----
Milano's Family Restaurant, Asian Grill, Yindee Thai, Rolling Cooking, Village Chicken, Mezeh Mediterranean Grill (Old Keene Mill), Afghan Kabob Restaurant, Ledo Pizza, BGR The Burger Joint, Popeyes Louisiana Kitchen, Chipotle Mexican Grill, Austin Grill, The Hideout, Panera Bread, Papa John's Pizza, McDonald's, Kana Sushi, Subway, Malek's Pizza Palace, 9 Pad Thai, 
---- START LOG FROM PYTHON ----
22203
---- END LOG FROM PYTHON   ----
Stageplate Bistro - Arlington, Uncle Julio's, Punch Bowl Social Arlington, Big Buns Damn Good Burgers, Bangkok Bistro at Ballston - Heaven & Hell Themed Restaurant, Zoës Kitchen, Super Pollo, Urban Tandoor, True Food Kitchen, Bistro 1521, Rustico Ballston, IHOP, DIRT, Hunan Gate, Crafthouse, El Paso Cafe, Grand Cru Wine Bar and Bistro, CAVA, Pupatella, Mussel Bar & Grille, 
---- START LOG FROM PYTHON ----
22152
---- END LOG FROM PYTHON   ----
Milano's Family Restaurant, Asian Grill, Yindee Thai, Rolling Cooking, Village Chicken, Mezeh Mediterranean Grill (Old Keene Mill), Afghan Kabob Restaurant, Ledo Pizza, BGR The Burger Joint, Popeyes Louisiana Kitchen, Chipotle Mexican Grill, Austin Grill, The Hideout, Panera Bread, Papa John's Pizza, Kana Sushi, McDonald's, Subway, Malek's Pizza Palace, 9 Pad Thai, 
---- START LOG FROM PYTHON ----
22152
---- END LOG FROM PYTHON   ----
Milano's Family Restaurant, Asian Grill, Yindee Thai, Rolling Cooking, Village Chicken, Mezeh Mediterranean Grill (Old Keene Mill), Afghan Kabob Restaurant, Ledo Pizza, BGR The Burger Joint, Popeyes Louisiana Kitchen, Chipotle Mexican Grill, Austin Grill, The Hideout, Panera Bread, Papa John's Pizza, Kana Sushi, McDonald's, Subway, Malek's Pizza Palace, 9 Pad Thai, 
---- START LOG FROM PYTHON ----
22152
---- END LOG FROM PYTHON   ----
Milano's Family Restaurant, Asian Grill, Yindee Thai, Rolling Cooking, Village Chicken, Mezeh Mediterranean Grill (Old Keene Mill), Afghan Kabob Restaurant, Ledo Pizza, BGR The Burger Joint, Popeyes Louisiana Kitchen, Chipotle Mexican Grill, Austin Grill, The Hideout, Panera Bread, Papa John's Pizza, McDonald's, Kana Sushi, Subway, Malek's Pizza Palace, 9 Pad Thai, 
---- START LOG FROM PYTHON ----

---- END LOG FROM PYTHON   ----
Stoney B's, Uncle Jack's Bar & Grill, Lanning's Downtown Grill, The Yoke Bar and Grill, Braum's Ice Cream & Burger Restaurant, McDonald's, Dearing Drive-In, Ross's BBQ Restaurant, Pizza Hut, Eggberts, El Charro, Arby's, Taco Bell, Taco Mayo, Hong Kong Delight, IHOP, KFC, Phelps's Hog Heaven, Buffalo Wild Wings, Maria Mexican Restaurant, 
---- START LOG FROM PYTHON ----
22152
---- END LOG FROM PYTHON   ----
Milano's Family Restaurant, Asian Grill, Yindee Thai, Rolling Cooking, Village Chicken, Mezeh Mediterranean Grill (Old Keene Mill), Afghan Kabob Restaurant, Ledo Pizza, BGR The Burger Joint, Popeyes Louisiana Kitchen, Austin Grill, Chipotle Mexican Grill, The Hideout, Panera Bread, Papa John's Pizza, Kana Sushi, McDonald's, Subway, Malek's Pizza Palace, 9 Pad Thai, 
